[2025-02-15 03:31:35] SLACKJAW/karlr: nvim issue doc uses 'resolved' instead of 'completed'
[2025-02-15 03:40:58] SLACKJAW/karlr: mynote pool worklist uses 'complete'
[2025-02-15 04:47:17] SLACKJAW/karlr: nvim taking long to start
[2025-02-15 08:37:49] SLACKJAW/karlr: pstool issue page uses 'complete'
[2025-02-15 16:02:59] SLACKJAW/karlr: nvim taking long to start
[2025-02-15 16:06:26] SLACKJAW/karlr: pwsh taking long to start
[2025-02-15 16:07:27] SLACKJAW/karlr: nvim taking long to start
[2025-02-15 21:38:45] SLACKJAW/karlr: nvim taking long to start
[2025-02-16 19:23:20] SLACKJAW/karlr: pwsh taking long to start (11607ms)
[2025-02-16 19:23:47] SLACKJAW/karlr: nvim taking long to start
[2025-02-18 15:28:27] SLACKJAW/karlr: nvim taking long to start
[2025-02-18 15:31:05] SLACKJAW/karlr: pwsh taking long to start
[2025-02-18 15:31:28] SLACKJAW/karlr: (9579ms)
[2025-02-19 15:04:23] SLACKJAW/karlr: nvim taking long to start
[2025-02-19 20:12:17] SLACKJAW/karlr: nvim taking long to start
[2025-02-20 20:05:11] SLACKJAW/karlr: nvim taking long to start
[2025-02-20 21:23:34] SLACKJAW/karlr: nvim taking long to start
[2025-02-22 01:03:07] SLACKJAW/karlr: nvim taking long to write to disk
[2025-02-22 02:46:00] SLACKJAW/karlr: nvim taking long to start
[2025-02-22 19:28:02] SLACKJAW/karlr: pwsh taking long to start
[2025-02-22 22:04:34] SLACKJAW/karlr: nvim taking long to start
[2025-02-23 14:39:08] SLACKJAW/karlr: nvim taking long to start
[2025-02-23 22:51:54] SLACKJAW/karlr: nvim taking long to start
[2025-02-23 23:25:56] SLACKJAW/karlr: nvim taking long to start
[2025-02-24 15:06:52] SLACKJAW/karlr: gchromepanic taking long to start
[2025-02-24 15:17:41] SLACKJAW/karlr: nvim taking long to start
[2025-02-24 18:20:09] SLACKJAW/karlr: nvim taking long to start
[2025-02-24 19:59:18] SLACKJAW/karlr: nvim taking long to start
